#
# There is insufficient memory for the Java Runtime Environment to continue.
# Native memory allocation (malloc) failed to allocate 32744 bytes for ChunkPool::allocate
# Possible reasons:
#   The system is out of physical RAM or swap space
#   In 32 bit mode, the process size limit was hit
# Possible solutions:
#   Reduce memory load on the system
#   Increase physical memory or swap space
#   Check if swap backing store is full
#   Use 64 bit Java on a 64 bit OS
#   Decrease Java heap size (-Xmx/-Xms)
#   Decrease number of Java threads
#   Decrease Java thread stack sizes (-Xss)
#   Set larger code cache with -XX:ReservedCodeCacheSize=
# This output file may be truncated or incomplete.
#
#  Out of Memory Error (allocation.cpp:273), pid=3488, tid=0x0000000000002d10
#
# JRE version: OpenJDK Runtime Environment (8.0_152-b01) (build 1.8.0_152-release-915-b01)
# Java VM: OpenJDK 64-Bit Server VM (25.152-b01 mixed mode windows-amd64 compressed oops)
# Failed to write core dump. Minidumps are not enabled by default on client versions of Windows
#

---------------  T H R E A D  ---------------

Current thread (0x0000000056068000):  JavaThread "C2 CompilerThread0" daemon [_thread_in_native, id=11536, stack(0x0000000057880000,0x0000000057980000)]

Stack: [0x0000000057880000,0x0000000057980000]
[error occurred during error reporting (printing stack bounds), id 0xc0000005]

Native frames: (J=compiled Java code, j=interpreted, Vv=VM code, C=native code)


Current CompileTask:
C2:3186518 15777   !   4       org.gradle.cache.internal.DefaultCacheAccess::useCache (191 bytes)


---------------  P R O C E S S  ---------------

Java Threads: ( => current thread )
  0x000000005c8cf000 JavaThread "Task worker for ':' Thread 3" [_thread_blocked, id=11588, stack(0x0000000064e20000,0x0000000064f20000)]
  0x000000005c8d0800 JavaThread "Task worker for ':' Thread 2" [_thread_blocked, id=11124, stack(0x0000000064f60000,0x0000000065060000)]
  0x000000005c8ca800 JavaThread "Task worker for ':'" [_thread_blocked, id=5068, stack(0x0000000064d20000,0x0000000064e20000)]
  0x000000005c8cd800 JavaThread "Cache worker for task history cache (C:\Users\mariano.perez\AndroidStudioProjects\BuscaChinos_V_10\.gradle\4.1\taskHistory)" [_thread_blocked, id=6432, stack(0x0000000064b60000,0x0000000064c60000)]
  0x000000005cc32800 JavaThread "Cache worker for file content cache (C:\Users\mariano.perez\AndroidStudioProjects\BuscaChinos_V_10\.gradle\4.1\fileContent)" [_thread_blocked, id=10824, stack(0x0000000060150000,0x0000000060250000)]
  0x000000005cc35800 JavaThread "build operations Thread 4" [_thread_blocked, id=6420, stack(0x0000000064a60000,0x0000000064b60000)]
  0x000000005cc33000 JavaThread "build operations Thread 3" [_thread_blocked, id=6528, stack(0x0000000064040000,0x0000000064140000)]
  0x000000005cc2f800 JavaThread "build operations Thread 2" [_thread_blocked, id=8548, stack(0x00000000639e0000,0x0000000063ae0000)]
  0x000000005cc34000 JavaThread "build operations" [_thread_blocked, id=1796, stack(0x000000005c130000,0x000000005c230000)]
  0x000000005cc34800 JavaThread "Cache worker for Artifact transforms cache (C:\Users\mariano.perez\.gradle\caches\transforms-1)" [_thread_blocked, id=8032, stack(0x00000000607c0000,0x00000000608c0000)]
  0x0000000058957000 JavaThread "Cache worker for file hash cache (C:\Users\mariano.perez\AndroidStudioProjects\BuscaChinos_V_10\.gradle\4.1\fileHashes)" [_thread_blocked, id=6636, stack(0x000000005a2a0000,0x000000005a3a0000)]
  0x000000005894d800 JavaThread "Stdin handler" [_thread_blocked, id=10844, stack(0x000000005fde0000,0x000000005fee0000)]
  0x0000000058958000 JavaThread "Asynchronous log dispatcher for DefaultDaemonConnection: socket connection from /127.0.0.1:55361 to /127.0.0.1:57496" [_thread_blocked, id=1232, stack(0x000000005fa80000,0x000000005fb80000)]
  0x0000000058956800 JavaThread "Daemon worker Thread 8" [_thread_blocked, id=11420, stack(0x000000005a9e0000,0x000000005aae0000)]
  0x0000000058953800 JavaThread "Cancel handler" [_thread_blocked, id=9664, stack(0x000000005a850000,0x000000005a950000)]
  0x0000000058952000 JavaThread "Handler for socket connection from /127.0.0.1:55361 to /127.0.0.1:57496" [_thread_in_native, id=6752, stack(0x000000005a690000,0x000000005a790000)]
  0x0000000058951000 JavaThread "Daemon Thread 8" [_thread_blocked, id=10764, stack(0x0000000059fd0000,0x000000005a0d0000)]
  0x0000000058955800 JavaThread "Memory manager" [_thread_blocked, id=11000, stack(0x0000000061140000,0x0000000061240000)]
  0x0000000058955000 JavaThread "pool-1-thread-1" [_thread_blocked, id=10144, stack(0x0000000060d60000,0x0000000060e60000)]
  0x00000000592fd800 JavaThread "File lock request listener" [_thread_in_native, id=10104, stack(0x000000005bfd0000,0x000000005c0d0000)]
  0x0000000059b0b800 JavaThread "Cache worker for file hash cache (C:\Users\mariano.perez\.gradle\caches\4.1\fileHashes)" [_thread_blocked, id=2888, stack(0x000000005bea0000,0x000000005bfa0000)]
  0x0000000059b48800 JavaThread "Daemon periodic checks" [_thread_blocked, id=8576, stack(0x000000005a190000,0x000000005a290000)]
  0x0000000059b3f800 JavaThread "Incoming local TCP Connector on port 55361" [_thread_in_native, id=12168, stack(0x0000000057f20000,0x0000000058020000)]
  0x00000000579fe000 JavaThread "Service Thread" daemon [_thread_blocked, id=11656, stack(0x0000000058080000,0x0000000058180000)]
  0x0000000057995000 JavaThread "C1 CompilerThread2" daemon [_thread_blocked, id=11144, stack(0x0000000057db0000,0x0000000057eb0000)]
  0x000000005606f000 JavaThread "C2 CompilerThread1" daemon [_thread_in_native, id=11576, stack(0x00000000574a0000,0x00000000575a0000)]
=>0x0000000056068000 JavaThread "C2 CompilerThread0" daemon [_thread_in_native, id=11536, stack(0x0000000057880000,0x0000000057980000)]
  0x0000000056062800 JavaThread "Attach Listener" daemon [_thread_blocked, id=5244, stack(0x0000000057250000,0x0000000057350000)]
  0x0000000056061800 JavaThread "Signal Dispatcher" daemon [_thread_blocked, id=424, stack(0x00000000576f0000,0x00000000577f0000)]
  0x0000000056048000 JavaThread "Finalizer" daemon [_thread_blocked, id=12076, stack(0x00000000575c0000,0x00000000576c0000)]
  0x0000000056001000 JavaThread "Reference Handler" daemon [_thread_blocked, id=2780, stack(0x0000000057390000,0x0000000057490000)]
  0x0000000001f18000 JavaThread "main" [_thread_blocked, id=11236, stack(0x0000000002290000,0x0000000002390000)]

Other Threads:
  0x0000000055ff9800 VMThread [stack: 0x0000000057140000,0x0000000057240000] [id=8740]
  0x00000000579dd000 WatcherThread [stack: 0x0000000058270000,0x0000000058370000] [id=5564]

VM state:not at safepoint (normal execution)

VM Mutex/Monitor currently owned by a thread: None

Heap:
 PSYoungGen      total 355840K, used 327956K [0x00000000e0000000, 0x00000000f8880000, 0x0000000100000000)
  eden space 334336K, 91% used [0x00000000e0000000,0x00000000f2b482f8,0x00000000f4680000)
  from space 21504K, 99% used [0x00000000f7380000,0x00000000f887ce48,0x00000000f8880000)
  to   space 28672K, 0% used [0x00000000f5080000,0x00000000f5080000,0x00000000f6c80000)
 ParOldGen       total 158208K, used 54201K [0x00000000a0000000, 0x00000000a9a80000, 0x00000000e0000000)
  object space 158208K, 34% used [0x00000000a0000000,0x00000000a34ee7e0,0x00000000a9a80000)
 Metaspace       used 74322K, capacity 81348K, committed 81536K, reserved 1118208K
  class space    used 10121K, capacity 11858K, committed 11904K, reserved 1048576K

Card table byte_map: [0x0000000011a20000,0x0000000011d30000] byte_map_base: 0x0000000011520000

Marking Bits: (ParMarkBitMap*) 0x000000006e3c3950
 Begin Bits: [0x0000000012370000, 0x0000000013b70000)
 End Bits:   [0x0000000013b70000, 0x0000000015370000)

Polling page: 0x0000000000230000

CodeCache: size=245760Kb used=44073Kb max_used=44245Kb free=201686Kb
 bounds [0x0000000002660000, 0x00000000051e0000, 0x0000000011660000]
 total_blobs=13419 nmethods=12625 adapters=706
 compilation: enabled

Compilation events (10 events):
Event: 3184.436 Thread 0x0000000057995000 15774       3       org.gradle.execution.taskgraph.DefaultTaskExecutionPlan$TaskMutationInfo::<init> (38 bytes)
Event: 3184.438 Thread 0x0000000057995000 nmethod 15774 0x0000000003de89d0 code [0x0000000003de8c40, 0x0000000003de9cf0]
Event: 3184.441 Thread 0x0000000056068000 nmethod 15770 0x0000000003b7b950 code [0x0000000003b7bb00, 0x0000000003b7bf98]
Event: 3184.441 Thread 0x0000000056068000 15771       4       org.gradle.model.internal.registry.DefaultModelRegistry$TransitionNodeToState::apply (120 bytes)
Event: 3184.442 Thread 0x0000000057995000 15775       3       sun.security.provider.ByteArrayAccess::i2bBig (204 bytes)
Event: 3184.443 Thread 0x0000000057995000 nmethod 15775 0x00000000041e4310 code [0x00000000041e44a0, 0x00000000041e4928]
Event: 3184.581 Thread 0x0000000056068000 nmethod 15771 0x0000000002a67a10 code [0x0000000002a67cc0, 0x0000000002a6a308]
Event: 3184.581 Thread 0x0000000056068000 15776   !   4       org.gradle.cache.internal.DefaultMultiProcessSafePersistentIndexedCache::get (28 bytes)
Event: 3184.623 Thread 0x0000000056068000 nmethod 15776 0x0000000002bb6f10 code [0x0000000002bb71c0, 0x0000000002bb8218]
Event: 3184.703 Thread 0x0000000056068000 15777   !   4       org.gradle.cache.internal.DefaultCacheAccess::useCache (191 bytes)

GC Heap History (10 events):
Event: 119.997 GC heap before
{Heap before GC invocations=13 (full 3):
 PSYoungGen      total 269824K, used 245248K [0x00000000e0000000, 0x00000000f7e80000, 0x0000000100000000)
  eden space 245248K, 100% used [0x00000000e0000000,0x00000000eef80000,0x00000000eef80000)
  from space 24576K, 0% used [0x00000000eef80000,0x00000000eef80000,0x00000000f0780000)
  to   space 30208K, 0% used [0x00000000f6100000,0x00000000f6100000,0x00000000f7e80000)
 ParOldGen       total 158208K, used 53770K [0x00000000a0000000, 0x00000000a9a80000, 0x00000000e0000000)
  object space 158208K, 33% used [0x00000000a0000000,0x00000000a3482b30,0x00000000a9a80000)
 Metaspace       used 62339K, capacity 65492K, committed 65536K, reserved 1105920K
  class space    used 8375K, capacity 9206K, committed 9216K, reserved 1048576K
Event: 120.019 GC heap after
Heap after GC invocations=13 (full 3):
 PSYoungGen      total 313344K, used 10811K [0x00000000e0000000, 0x00000000f6c00000, 0x0000000100000000)
  eden space 302080K, 0% used [0x00000000e0000000,0x00000000e0000000,0x00000000f2700000)
  from space 11264K, 95% used [0x00000000f6100000,0x00000000f6b8ef58,0x00000000f6c00000)
  to   space 29184K, 0% used [0x00000000f3300000,0x00000000f3300000,0x00000000f4f80000)
 ParOldGen       total 158208K, used 53778K [0x00000000a0000000, 0x00000000a9a80000, 0x00000000e0000000)
  object space 158208K, 33% used [0x00000000a0000000,0x00000000a3484b30,0x00000000a9a80000)
 Metaspace       used 62339K, capacity 65492K, committed 65536K, reserved 1105920K
  class space    used 8375K, capacity 9206K, committed 9216K, reserved 1048576K
}
Event: 244.535 GC heap before
{Heap before GC invocations=14 (full 3):
 PSYoungGen      total 313344K, used 312891K [0x00000000e0000000, 0x00000000f6c00000, 0x0000000100000000)
  eden space 302080K, 100% used [0x00000000e0000000,0x00000000f2700000,0x00000000f2700000)
  from space 11264K, 95% used [0x00000000f6100000,0x00000000f6b8ef58,0x00000000f6c00000)
  to   space 29184K, 0% used [0x00000000f3300000,0x00000000f3300000,0x00000000f4f80000)
 ParOldGen       total 158208K, used 53778K [0x00000000a0000000, 0x00000000a9a80000, 0x00000000e0000000)
  object space 158208K, 33% used [0x00000000a0000000,0x00000000a3484b30,0x00000000a9a80000)
 Metaspace       used 67035K, capacity 71122K, committed 71296K, reserved 1110016K
  class space    used 9022K, capacity 10105K, committed 10112K, reserved 1048576K
Event: 244.570 GC heap after
Heap after GC invocations=14 (full 3):
 PSYoungGen      total 343552K, used 14250K [0x00000000e0000000, 0x00000000f9700000, 0x0000000100000000)
  eden space 314368K, 0% used [0x00000000e0000000,0x00000000e0000000,0x00000000f3300000)
  from space 29184K, 48% used [0x00000000f3300000,0x00000000f40ea9c0,0x00000000f4f80000)
  to   space 28160K, 0% used [0x00000000f7b80000,0x00000000f7b80000,0x00000000f9700000)
 ParOldGen       total 158208K, used 53786K [0x00000000a0000000, 0x00000000a9a80000, 0x00000000e0000000)
  object space 158208K, 33% used [0x00000000a0000000,0x00000000a3486b30,0x00000000a9a80000)
 Metaspace       used 67035K, capacity 71122K, committed 71296K, reserved 1110016K
  class space    used 9022K, capacity 10105K, committed 10112K, reserved 1048576K
}
Event: 514.683 GC heap before
{Heap before GC invocations=15 (full 3):
 PSYoungGen      total 343552K, used 328618K [0x00000000e0000000, 0x00000000f9700000, 0x0000000100000000)
  eden space 314368K, 100% used [0x00000000e0000000,0x00000000f3300000,0x00000000f3300000)
  from space 29184K, 48% used [0x00000000f3300000,0x00000000f40ea9c0,0x00000000f4f80000)
  to   space 28160K, 0% used [0x00000000f7b80000,0x00000000f7b80000,0x00000000f9700000)
 ParOldGen       total 158208K, used 53786K [0x00000000a0000000, 0x00000000a9a80000, 0x00000000e0000000)
  object space 158208K, 33% used [0x00000000a0000000,0x00000000a3486b30,0x00000000a9a80000)
 Metaspace       used 69024K, capacity 73876K, committed 73984K, reserved 1112064K
  class space    used 9287K, capacity 10483K, committed 10496K, reserved 1048576K
Event: 514.712 GC heap after
Heap after GC invocations=15 (full 3):
 PSYoungGen      total 390144K, used 13204K [0x00000000e0000000, 0x00000000f9780000, 0x0000000100000000)
  eden space 361984K, 0% used [0x00000000e0000000,0x00000000e0000000,0x00000000f6180000)
  from space 28160K, 46% used [0x00000000f7b80000,0x00000000f88653b8,0x00000000f9700000)
  to   space 26624K, 0% used [0x00000000f6180000,0x00000000f6180000,0x00000000f7b80000)
 ParOldGen       total 158208K, used 53794K [0x00000000a0000000, 0x00000000a9a80000, 0x00000000e0000000)
  object space 158208K, 34% used [0x00000000a0000000,0x00000000a3488b30,0x00000000a9a80000)
 Metaspace       used 69024K, capacity 73876K, committed 73984K, reserved 1112064K
  class space    used 9287K, capacity 10483K, committed 10496K, reserved 1048576K
}
Event: 562.055 GC heap before
{Heap before GC invocations=16 (full 3):
 PSYoungGen      total 390144K, used 375188K [0x00000000e0000000, 0x00000000f9780000, 0x0000000100000000)
  eden space 361984K, 100% used [0x00000000e0000000,0x00000000f6180000,0x00000000f6180000)
  from space 28160K, 46% used [0x00000000f7b80000,0x00000000f88653b8,0x00000000f9700000)
  to   space 26624K, 0% used [0x00000000f6180000,0x00000000f6180000,0x00000000f7b80000)
 ParOldGen       total 158208K, used 53794K [0x00000000a0000000, 0x00000000a9a80000, 0x00000000e0000000)
  object space 158208K, 34% used [0x00000000a0000000,0x00000000a3488b30,0x00000000a9a80000)
 Metaspace       used 71592K, capacity 77534K, committed 77824K, reserved 1116160K
  class space    used 9695K, capacity 11185K, committed 11264K, reserved 1048576K
Event: 562.082 GC heap after
Heap after GC invocations=16 (full 3):
 PSYoungGen      total 366080K, used 18125K [0x00000000e0000000, 0x00000000f8880000, 0x0000000100000000)
  eden space 347648K, 0% used [0x00000000e0000000,0x00000000e0000000,0x00000000f5380000)
  from space 18432K, 98% used [0x00000000f6180000,0x00000000f7333488,0x00000000f7380000)
  to   space 21504K, 0% used [0x00000000f7380000,0x00000000f7380000,0x00000000f8880000)
 ParOldGen       total 158208K, used 53802K [0x00000000a0000000, 0x00000000a9a80000, 0x00000000e0000000)
  object space 158208K, 34% used [0x00000000a0000000,0x00000000a348ab30,0x00000000a9a80000)
 Metaspace       used 71592K, capacity 77534K, committed 77824K, reserved 1116160K
  class space    used 9695K, capacity 11185K, committed 11264K, reserved 1048576K
}
Event: 921.447 GC heap before
{Heap before GC invocations=17 (full 3):
 PSYoungGen      total 366080K, used 365773K [0x00000000e0000000, 0x00000000f8880000, 0x0000000100000000)
  eden space 347648K, 100% used [0x00000000e0000000,0x00000000f5380000,0x00000000f5380000)
  from space 18432K, 98% used [0x00000000f6180000,0x00000000f7333488,0x00000000f7380000)
  to   space 21504K, 0% used [0x00000000f7380000,0x00000000f7380000,0x00000000f8880000)
 ParOldGen       total 158208K, used 53802K [0x00000000a0000000, 0x00000000a9a80000, 0x00000000e0000000)
  object space 158208K, 34% used [0x00000000a0000000,0x00000000a348ab30,0x00000000a9a80000)
 Metaspace       used 73240K, capacity 79604K, committed 79744K, reserved 1118208K
  class space    used 9951K, capacity 11562K, committed 11648K, reserved 1048576K
Event: 921.484 GC heap after
Heap after GC invocations=17 (full 3):
 PSYoungGen      total 355840K, used 21491K [0x00000000e0000000, 0x00000000f8880000, 0x0000000100000000)
  eden space 334336K, 0% used [0x00000000e0000000,0x00000000e0000000,0x00000000f4680000)
  from space 21504K, 99% used [0x00000000f7380000,0x00000000f887ce48,0x00000000f8880000)
  to   space 28672K, 0% used [0x00000000f5080000,0x00000000f5080000,0x00000000f6c80000)
 ParOldGen       total 158208K, used 54201K [0x00000000a0000000, 0x00000000a9a80000, 0x00000000e0000000)
  object space 158208K, 34% used [0x00000000a0000000,0x00000000a34ee7e0,0x00000000a9a80000)
 Metaspace       used 73240K, capacity 79604K, committed 79744K, reserved 1118208K
  class space    used 9951K, capacity 11562K, committed 11648K, reserved 1048576K
}

Deoptimization events (10 events):
Event: 908.498 Thread 0x0000000058953800 Uncommon trap: reason=class_check action=maybe_recompile pc=0x0000000003669548 method=java.util.regex.Pattern$BnM.match(Ljava/util/regex/Matcher;ILjava/lang/CharSequence;)Z @ 111
Event: 921.431 Thread 0x0000000058953800 Uncommon trap: reason=null_check action=make_not_entrant pc=0x0000000004e4b43c method=com.android.manifmerger.XmlElement.<init>(Lorg/w3c/dom/Element;Lcom/android/manifmerger/XmlDocument;)V @ 82
Event: 921.562 Thread 0x0000000058953800 Uncommon trap: reason=class_check action=maybe_recompile pc=0x00000000048db4f0 method=com.sun.org.apache.xerces.internal.dom.AttrImpl.getOwnerElement()Lorg/w3c/dom/Element; @ 18
Event: 921.562 Thread 0x0000000058953800 Uncommon trap: reason=class_check action=maybe_recompile pc=0x00000000048db4f0 method=com.sun.org.apache.xerces.internal.dom.AttrImpl.getOwnerElement()Lorg/w3c/dom/Element; @ 18
Event: 2769.877 Thread 0x0000000058952000 Uncommon trap: reason=predicate action=maybe_recompile pc=0x0000000005019bbc method=com.google.common.collect.ImmutableSet.construct(I[Ljava/lang/Object;)Lcom/google/common/collect/ImmutableSet; @ 71
Event: 2772.892 Thread 0x0000000058958000 Uncommon trap: reason=unstable_if action=reinterpret pc=0x0000000003db2138 method=com.esotericsoftware.kryo.io.Output.writeLong(JZ)I @ 55
Event: 3182.606 Thread 0x0000000058956800 Uncommon trap: reason=array_check action=maybe_recompile pc=0x0000000003fdac20 method=com.google.common.collect.ImmutableSet.construct(I[Ljava/lang/Object;)Lcom/google/common/collect/ImmutableSet; @ 122
Event: 3182.606 Thread 0x0000000058956800 Uncommon trap: reason=array_check action=maybe_recompile pc=0x0000000003fdac20 method=com.google.common.collect.ImmutableSet.construct(I[Ljava/lang/Object;)Lcom/google/common/collect/ImmutableSet; @ 122
Event: 3182.606 Thread 0x0000000058956800 Uncommon trap: reason=array_check action=maybe_recompile pc=0x0000000003fdac20 method=com.google.common.collect.ImmutableSet.construct(I[Ljava/lang/Object;)Lcom/google/common/collect/ImmutableSet; @ 122
Event: 3182.606 Thread 0x0000000058956800 Uncommon trap: reason=array_check action=maybe_recompile pc=0x0000000003fdac20 method=com.google.common.collect.ImmutableSet.construct(I[Ljava/lang/Object;)Lcom/google/common/collect/ImmutableSet; @ 122

Classes redefined (0 events):
No events

Internal exceptions (10 events):
Event: 2769.913 Thread 0x0000000058952000 Exception <a 'java/lang/NoSuchMethodError': <clinit>> (0x00000000e473d008) thrown at [D:\src\AOSP-openjdk-cygwin\jdk8u\hotspot\src\share\vm\prims\jni.cpp, line 1613]
Event: 2769.914 Thread 0x0000000058952000 Exception <a 'java/lang/NoSuchMethodError': <clinit>> (0x00000000e4740c60) thrown at [D:\src\AOSP-openjdk-cygwin\jdk8u\hotspot\src\share\vm\prims\jni.cpp, line 1613]
Event: 2769.914 Thread 0x0000000058952000 Exception <a 'java/lang/NoSuchMethodError': <clinit>> (0x00000000e4742768) thrown at [D:\src\AOSP-openjdk-cygwin\jdk8u\hotspot\src\share\vm\prims\jni.cpp, line 1613]
Event: 2770.085 Thread 0x0000000058952000 Exception <a 'java/lang/ClassNotFoundException': sync_local_repo20563_bebf2ujim486q8mhg3ycxh3ehBeanInfo> (0x00000000e48f8378) thrown at [D:\src\AOSP-openjdk-cygwin\jdk8u\hotspot\src\share\vm\classfile\systemDictionary.cpp, line 210]
Event: 2770.086 Thread 0x0000000058952000 Exception <a 'java/lang/ClassNotFoundException': sync_local_repo20563_bebf2ujim486q8mhg3ycxh3ehCustomizer> (0x00000000e4902ea8) thrown at [D:\src\AOSP-openjdk-cygwin\jdk8u\hotspot\src\share\vm\classfile\systemDictionary.cpp, line 210]
Event: 2771.556 Thread 0x0000000058952000 Exception <a 'sun/nio/fs/WindowsException'> (0x00000000e79b7250) thrown at [D:\src\AOSP-openjdk-cygwin\jdk8u\hotspot\src\share\vm\prims\jni.cpp, line 709]
Event: 2778.727 Thread 0x0000000058952000 Exception <a 'sun/nio/fs/WindowsException'> (0x00000000ed879580) thrown at [D:\src\AOSP-openjdk-cygwin\jdk8u\hotspot\src\share\vm\prims\jni.cpp, line 709]
Event: 3182.889 Thread 0x0000000058956800 Exception <a 'java/lang/ClassNotFoundException': sync_local_repo33230_c0h3o013cj4lwtt7casgtvu38BeanInfo> (0x00000000ee19c2b8) thrown at [D:\src\AOSP-openjdk-cygwin\jdk8u\hotspot\src\share\vm\classfile\systemDictionary.cpp, line 210]
Event: 3182.889 Thread 0x0000000058956800 Exception <a 'java/lang/ClassNotFoundException': sync_local_repo33230_c0h3o013cj4lwtt7casgtvu38Customizer> (0x00000000ee1a6de8) thrown at [D:\src\AOSP-openjdk-cygwin\jdk8u\hotspot\src\share\vm\classfile\systemDictionary.cpp, line 210]
Event: 3184.197 Thread 0x0000000058956800 Exception <a 'sun/nio/fs/WindowsException'> (0x00000000f11e4e60) thrown at [D:\src\AOSP-openjdk-cygwin\jdk8u\hotspot\src\share\vm\prims\jni.cpp, line 709]

Events (10 events):
Event: 3184.343 Thread 0x0000000057995000 flushing nmethod 0x0000000004850750
Event: 3184.345 Thread 0x0000000057995000 flushing nmethod 0x00000000049b2110
Event: 3184.348 Thread 0x0000000057995000 flushing nmethod 0x0000000004e19710
Event: 3184.401 Thread 0x000000005cc32800 Thread added: 0x000000005cc32800
Event: 3184.446 Thread 0x000000005c8cd800 Thread added: 0x000000005c8cd800
Event: 3184.452 Thread 0x000000005c8ca800 Thread added: 0x000000005c8ca800
Event: 3184.452 Thread 0x000000005c8d0800 Thread added: 0x000000005c8d0800
Event: 3184.453 Thread 0x000000005c8cf000 Thread added: 0x000000005c8cf000
Event: 3184.764 Executing VM operation: RevokeBias
Event: 3184.764 Executing VM operation: RevokeBias done


Dynamic libraries:
0x000000013f460000 - 0x000000013f491000 	C:\Program Files\Android\Android Studio\jre\bin\java.exe
0x0000000077270000 - 0x000000007741a000 	C:\Windows\SYSTEM32\ntdll.dll
0x0000000077150000 - 0x000000007726f000 	C:\Windows\system32\kernel32.dll
0x000007fefd080000 - 0x000007fefd0ea000 	C:\Windows\system32\KERNELBASE.dll
0x000007fefdf70000 - 0x000007fefe04b000 	C:\Windows\system32\ADVAPI32.dll
0x000007fefd5e0000 - 0x000007fefd67f000 	C:\Windows\system32\msvcrt.dll
0x000007fefe500000 - 0x000007fefe51f000 	C:\Windows\SYSTEM32\sechost.dll
0x000007fefd680000 - 0x000007fefd7ad000 	C:\Windows\system32\RPCRT4.dll
0x0000000077050000 - 0x000000007714a000 	C:\Windows\system32\USER32.dll
0x000007fefdf00000 - 0x000007fefdf67000 	C:\Windows\system32\GDI32.dll
0x000007fefdd10000 - 0x000007fefdd1e000 	C:\Windows\system32\LPK.dll
0x000007fefdae0000 - 0x000007fefdbab000 	C:\Windows\system32\USP10.dll
0x000007fefb0c0000 - 0x000007fefb2b4000 	C:\Windows\WinSxS\amd64_microsoft.windows.common-controls_6595b64144ccf1df_6.0.7601.18837_none_fa3b1e3d17594757\COMCTL32.dll
0x000007fefd350000 - 0x000007fefd3c1000 	C:\Windows\system32\SHLWAPI.dll
0x000007fefd320000 - 0x000007fefd34e000 	C:\Windows\system32\IMM32.DLL
0x000007fefe050000 - 0x000007fefe159000 	C:\Windows\system32\MSCTF.dll
0x000000006d9b0000 - 0x000000006da82000 	C:\Program Files\Android\Android Studio\jre\jre\bin\msvcr100.dll
0x000000006dc00000 - 0x000000006e43e000 	C:\Program Files\Android\Android Studio\jre\jre\bin\server\jvm.dll
0x000007fef6dc0000 - 0x000007fef6dc9000 	C:\Windows\system32\WSOCK32.dll
0x000007fefe200000 - 0x000007fefe24d000 	C:\Windows\system32\WS2_32.dll
0x000007fefe450000 - 0x000007fefe458000 	C:\Windows\system32\NSI.dll
0x000007fefaa80000 - 0x000007fefaabb000 	C:\Windows\system32\WINMM.dll
0x000007fefc1b0000 - 0x000007fefc1bc000 	C:\Windows\system32\VERSION.dll
0x0000000077440000 - 0x0000000077447000 	C:\Windows\system32\PSAPI.DLL
0x000007fefa5c0000 - 0x000007fefa5cf000 	C:\Program Files\Android\Android Studio\jre\jre\bin\verify.dll
0x000007fefa580000 - 0x000007fefa5a9000 	C:\Program Files\Android\Android Studio\jre\jre\bin\java.dll
0x000007fefa4a0000 - 0x000007fefa4b6000 	C:\Program Files\Android\Android Studio\jre\jre\bin\zip.dll
0x000007fefe7f0000 - 0x000007feff57a000 	C:\Windows\system32\SHELL32.dll
0x000007fefe250000 - 0x000007fefe44c000 	C:\Windows\system32\ole32.dll
0x000007fefcf70000 - 0x000007fefcf7f000 	C:\Windows\system32\profapi.dll
0x000007fefa440000 - 0x000007fefa45a000 	C:\Program Files\Android\Android Studio\jre\jre\bin\net.dll
0x000007fefc730000 - 0x000007fefc785000 	C:\Windows\system32\mswsock.dll
0x000007fefc720000 - 0x000007fefc727000 	C:\Windows\System32\wship6.dll
0x000007fefa420000 - 0x000007fefa431000 	C:\Program Files\Android\Android Studio\jre\jre\bin\nio.dll
0x000007fef4280000 - 0x000007fef429e000 	C:\Users\mariano.perez\.gradle\native\25\windows-amd64\native-platform.dll
0x000007fefa3f0000 - 0x000007fefa3fd000 	C:\Program Files\Android\Android Studio\jre\jre\bin\management.dll
0x000007fefc790000 - 0x000007fefc7a8000 	C:\Windows\system32\CRYPTSP.dll
0x000007fefc490000 - 0x000007fefc4d7000 	C:\Windows\system32\rsaenh.dll
0x000007fefd060000 - 0x000007fefd07e000 	C:\Windows\system32\USERENV.dll
0x000007fefce00000 - 0x000007fefce0f000 	C:\Windows\system32\CRYPTBASE.dll
0x000007fefa170000 - 0x000007fefa197000 	C:\Windows\system32\IPHLPAPI.DLL
0x000007fefa160000 - 0x000007fefa16b000 	C:\Windows\system32\WINNSI.DLL
0x000007fef8060000 - 0x000007fef8071000 	C:\Windows\system32\dhcpcsvc6.DLL
0x000007fef98a0000 - 0x000007fef98b8000 	C:\Windows\system32\dhcpcsvc.DLL
0x000007fefcda0000 - 0x000007fefcdf7000 	C:\Windows\system32\apphelp.dll

VM Arguments:
jvm_args: -Xmx1536m -Dfile.encoding=windows-1252 -Duser.country=ES -Duser.language=es -Duser.variant 
java_command: org.gradle.launcher.daemon.bootstrap.GradleDaemon 4.1
java_class_path (initial): C:\Users\mariano.perez\.gradle\wrapper\dists\gradle-4.1-all\bzyivzo6n839fup2jbap0tjew\gradle-4.1\lib\gradle-launcher-4.1.jar
Launcher Type: SUN_STANDARD

Environment Variables:
JAVA_HOME=C:\Program Files (x86)\Java\jdk1.7.0_79
PATH=C:\ProgramData\Oracle\Java\javapath;C:\Oracle\product\11.2.0\client_1\bin;C:\Windows\system32;C:\Windows;C:\Windows\System32\Wbem;C:\Windows\System32\WindowsPowerShell\v1.0\;C:\Program Files\Intel\WiFi\bin\;C:\Program Files\Common Files\Intel\WirelessCommon\;C:\Program Files (x86)\Toshiba\Bluetooth Toshiba Stack\sys\;C:\Program Files (x86)\Toshiba\Bluetooth Toshiba Stack\sys\x64\;c:\Program Files (x86)\Microsoft SQL Server\110\Tools\Binn\ManagementStudio\;c:\Program Files (x86)\Microsoft SQL Server\110\Tools\Binn\;c:\Program Files (x86)\Microsoft SQL Server\110\DTS\Binn\;C:\Program Files\OpenVPN\bin;
USERNAME=mariano.perez
OS=Windows_NT
PROCESSOR_IDENTIFIER=Intel64 Family 6 Model 69 Stepping 1, GenuineIntel



---------------  S Y S T E M  ---------------

OS: Windows 7 , 64 bit Build 7601 (6.1.7601.23915)

CPU:total 4 (initial active 4) (2 cores per cpu, 2 threads per core) family 6 model 69 stepping 1, cmov, cx8, fxsr, mmx, sse, sse2, sse3, ssse3, sse4.1, sse4.2, popcnt, avx, avx2, aes, clmul, erms, lzcnt, ht, tsc, tscinvbit, bmi1, bmi2

Memory: 4k page, physical 8312152k(150408k free), swap 8310292k(6044k free)

vm_info: OpenJDK 64-Bit Server VM (25.152-b01) for windows-amd64 JRE (1.8.0_152-release-915-b01), built by "builder" with MS VC++ 10.0 (VS2010)

time: Thu Mar 01 16:59:32 2018
elapsed time: 3185 seconds (0d 0h 53m 5s)

